<?xml version="1.0" encoding="UTF-8" ?>
<<<<<<< HEAD
<testsuite tests="25" failures="0" name="groupeseul.DataframeTest" time="0.217" errors="0" skipped="0">
=======
<testsuite tests="23" failures="0" name="groupeseul.DataframeTest" time="0.344" errors="0" skipped="0">
>>>>>>> 5f3e6511d657041404b1b7af460c4cdd17c40fc5
  <properties>
    <property name="java.runtime.name" value="OpenJDK Runtime Environment"/>
    <property name="java.vm.version" value="11.0.18+10"/>
    <property name="sun.boot.library.path" value="/usr/lib/jvm/temurin-11-jdk-amd64/lib"/>
    <property name="maven.multiModuleProjectDirectory" value="/home/runner/work/devop_project/devop_project/devop_dataframe"/>
    <property name="java.vm.vendor" value="Eclipse Adoptium"/>
    <property name="java.vendor.url" value="https://adoptium.net/"/>
    <property name="guice.disable.misplaced.annotation.check" value="true"/>
    <property name="path.separator" value=":"/>
    <property name="java.vm.name" value="OpenJDK 64-Bit Server VM"/>
    <property name="sun.os.patch.level" value="unknown"/>
    <property name="sun.java.launcher" value="SUN_STANDARD"/>
    <property name="java.vm.specification.name" value="Java Virtual Machine Specification"/>
    <property name="user.dir" value="/home/runner/work/devop_project/devop_project"/>
    <property name="java.vm.compressedOopsMode" value="32-bit"/>
    <property name="java.runtime.version" value="11.0.18+10"/>
    <property name="java.awt.graphicsenv" value="sun.awt.X11GraphicsEnvironment"/>
    <property name="os.arch" value="amd64"/>
    <property name="java.io.tmpdir" value="/tmp"/>
    <property name="line.separator" value="
"/>
    <property name="java.vm.specification.vendor" value="Oracle Corporation"/>
    <property name="os.name" value="Linux"/>
    <property name="classworlds.conf" value="/usr/share/apache-maven-3.8.8/bin/m2.conf"/>
    <property name="sun.jnu.encoding" value="UTF-8"/>
    <property name="java.library.path" value="/usr/java/packages/lib:/usr/lib64:/lib64:/lib:/usr/lib"/>
    <property name="maven.conf" value="/usr/share/apache-maven-3.8.8/conf"/>
    <property name="jdk.debug" value="release"/>
    <property name="java.class.version" value="55.0"/>
    <property name="java.specification.name" value="Java Platform API Specification"/>
    <property name="sun.management.compiler" value="HotSpot 64-Bit Tiered Compilers"/>
    <property name="os.version" value="5.15.0-1036-azure"/>
    <property name="library.jansi.path" value="/usr/share/apache-maven-3.8.8/lib/jansi-native"/>
    <property name="user.home" value="/home/runner"/>
    <property name="user.timezone" value="Etc/UTC"/>
    <property name="java.awt.printerjob" value="sun.print.PSPrinterJob"/>
    <property name="file.encoding" value="UTF-8"/>
    <property name="java.specification.version" value="11"/>
    <property name="user.name" value="runner"/>
    <property name="java.class.path" value="/usr/share/apache-maven-3.8.8/boot/plexus-classworlds-2.6.0.jar"/>
    <property name="java.vm.specification.version" value="11"/>
    <property name="sun.arch.data.model" value="64"/>
    <property name="sun.java.command" value="org.codehaus.plexus.classworlds.launcher.Launcher -f devop_dataframe/pom.xml test"/>
    <property name="java.home" value="/usr/lib/jvm/temurin-11-jdk-amd64"/>
    <property name="user.language" value="en"/>
    <property name="java.specification.vendor" value="Oracle Corporation"/>
    <property name="awt.toolkit" value="sun.awt.X11.XToolkit"/>
    <property name="java.vm.info" value="mixed mode"/>
    <property name="java.version" value="11.0.18"/>
    <property name="java.vendor" value="Eclipse Adoptium"/>
    <property name="maven.home" value="/usr/share/apache-maven-3.8.8"/>
    <property name="file.separator" value="/"/>
    <property name="java.version.date" value="2023-01-17"/>
    <property name="java.vendor.url.bug" value="https://github.com/adoptium/adoptium-support/issues"/>
    <property name="sun.io.unicode.encoding" value="UnicodeLittle"/>
    <property name="sun.cpu.endian" value="little"/>
    <property name="java.vendor.version" value="Temurin-11.0.18+10"/>
    <property name="sun.cpu.isalist" value=""/>
  </properties>
<<<<<<< HEAD
  <testcase classname="groupeseul.DataframeTest" name="testGetligne" time="0.063"/>
  <testcase classname="groupeseul.DataframeTest" name="testgetnbligne" time="0.01"/>
  <testcase classname="groupeseul.DataframeTest" name="testMax" time="0.002"/>
  <testcase classname="groupeseul.DataframeTest" name="testMin" time="0.002"/>
  <testcase classname="groupeseul.DataframeTest" name="testSum" time="0.002"/>
  <testcase classname="groupeseul.DataframeTest" name="testMean2" time="0.002"/>
  <testcase classname="groupeseul.DataframeTest" name="testMax2" time="0.002"/>
  <testcase classname="groupeseul.DataframeTest" name="testMean" time="0.001"/>
  <testcase classname="groupeseul.DataframeTest" name="testMin2" time="0.002"/>
  <testcase classname="groupeseul.DataframeTest" name="testSum2" time="0.002"/>
  <testcase classname="groupeseul.DataframeTest" name="testConstructor2" time="0.001"/>
  <testcase classname="groupeseul.DataframeTest" name="testConstructor3" time="0.001"/>
  <testcase classname="groupeseul.DataframeTest" name="testSelectioncol" time="0.002"/>
  <testcase classname="groupeseul.DataframeTest" name="testafficherFin2" time="0.002"/>
  <testcase classname="groupeseul.DataframeTest" name="testafficherdev2" time="0.001"/>
  <testcase classname="groupeseul.DataframeTest" name="testafficherdev3" time="0.002"/>
  <testcase classname="groupeseul.DataframeTest" name="testafficherFin" time="0.083"/>
  <testcase classname="groupeseul.DataframeTest" name="testafficherdev" time="0.009"/>
  <testcase classname="groupeseul.DataframeTest" name="testSelectionligne" time="0.004"/>
  <testcase classname="groupeseul.DataframeTest" name="testafficher" time="0.008"/>
  <testcase classname="groupeseul.DataframeTest" name="testGetCol" time="0.004"/>
  <testcase classname="groupeseul.DataframeTest" name="testConstructorlistenull" time="0.004"/>
  <testcase classname="groupeseul.DataframeTest" name="testafficherDebut" time="0.003"/>
  <testcase classname="groupeseul.DataframeTest" name="testafficherDebut2" time="0.003"/>
=======
  <testcase classname="groupeseul.DataframeTest" name="testGetligne" time="0.05"/>
  <testcase classname="groupeseul.DataframeTest" name="testgetnbligne" time="0.011"/>
  <testcase classname="groupeseul.DataframeTest" name="testMax" time="0.003"/>
  <testcase classname="groupeseul.DataframeTest" name="testMin" time="0.005"/>
  <testcase classname="groupeseul.DataframeTest" name="testSum" time="0.008"/>
  <testcase classname="groupeseul.DataframeTest" name="testMean2" time="0.01"/>
  <testcase classname="groupeseul.DataframeTest" name="testHead" time="0.159"/>
  <testcase classname="groupeseul.DataframeTest" name="testMax2" time="0.004"/>
  <testcase classname="groupeseul.DataframeTest" name="testMean" time="0.009"/>
  <testcase classname="groupeseul.DataframeTest" name="testMin2" time="0.001"/>
  <testcase classname="groupeseul.DataframeTest" name="testSum2" time="0.004"/>
  <testcase classname="groupeseul.DataframeTest" name="testTail" time="0.009"/>
  <testcase classname="groupeseul.DataframeTest" name="testConstructor2" time="0.011"/>
  <testcase classname="groupeseul.DataframeTest" name="testConstructor3" time="0.008"/>
  <testcase classname="groupeseul.DataframeTest" name="testSelectioncol" time="0.002"/>
  <testcase classname="groupeseul.DataframeTest" name="testafficherdev2" time="0.004"/>
  <testcase classname="groupeseul.DataframeTest" name="testafficherdev3" time="0.001"/>
  <testcase classname="groupeseul.DataframeTest" name="testafficherdev" time="0.016"/>
  <testcase classname="groupeseul.DataframeTest" name="testSelectionligne" time="0.002"/>
  <testcase classname="groupeseul.DataframeTest" name="testafficher" time="0.022"/>
  <testcase classname="groupeseul.DataframeTest" name="testGetCol" time="0.002"/>
  <testcase classname="groupeseul.DataframeTest" name="testConstructorlistenull" time="0.001"/>
>>>>>>> 5f3e6511d657041404b1b7af460c4cdd17c40fc5
  <testcase classname="groupeseul.DataframeTest" name="testConstructor" time="0.002"/>
</testsuite>