<?xml version="1.0" encoding="UTF-8" ?>
<testsuite tests="9" failures="0" name="groupeseul.colTest" time="0.004" errors="0" skipped="0">
  <properties>
    <property name="java.runtime.name" value="OpenJDK Runtime Environment"/>
    <property name="java.vm.version" value="18.0.2-ea+9-Ubuntu-222.04"/>
    <property name="sun.boot.library.path" value="/usr/lib/jvm/java-18-openjdk-amd64/lib"/>
    <property name="maven.multiModuleProjectDirectory" value="/home/a/amraneh/Bureau/projects_finals_m2/devop_project/devop_dataframe"/>
    <property name="java.vm.vendor" value="Private Build"/>
    <property name="java.vendor.url" value="Unknown"/>
    <property name="guice.disable.misplaced.annotation.check" value="true"/>
    <property name="path.separator" value=":"/>
    <property name="java.vm.name" value="OpenJDK 64-Bit Server VM"/>
    <property name="user.country" value="FR"/>
    <property name="sun.java.launcher" value="SUN_STANDARD"/>
    <property name="java.vm.specification.name" value="Java Virtual Machine Specification"/>
    <property name="user.dir" value="/home/a/amraneh/Bureau/projects_finals_m2/devop_project/devop_dataframe"/>
    <property name="java.vm.compressedOopsMode" value="32-bit"/>
    <property name="java.runtime.version" value="18.0.2-ea+9-Ubuntu-222.04"/>
    <property name="os.arch" value="amd64"/>
    <property name="java.io.tmpdir" value="/tmp"/>
    <property name="line.separator" value="
"/>
    <property name="java.vm.specification.vendor" value="Oracle Corporation"/>
    <property name="os.name" value="Linux"/>
    <property name="classworlds.conf" value="/opt/apache-maven-3.8.7/bin/m2.conf"/>
    <property name="sun.jnu.encoding" value="UTF-8"/>
    <property name="java.library.path" value="/usr/java/packages/lib:/usr/lib/x86_64-linux-gnu/jni:/lib/x86_64-linux-gnu:/usr/lib/x86_64-linux-gnu:/usr/lib/jni:/lib:/usr/lib"/>
    <property name="maven.conf" value="/opt/apache-maven-3.8.7/conf"/>
    <property name="jdk.debug" value="release"/>
    <property name="java.class.version" value="62.0"/>
    <property name="java.specification.name" value="Java Platform API Specification"/>
    <property name="sun.management.compiler" value="HotSpot 64-Bit Tiered Compilers"/>
    <property name="os.version" value="5.19.0-38-generic"/>
    <property name="library.jansi.path" value="/opt/apache-maven-3.8.7/lib/jansi-native"/>
    <property name="user.home" value="/home/a/amraneh"/>
    <property name="user.timezone" value="Europe/Paris"/>
    <property name="file.encoding" value="UTF-8"/>
    <property name="java.specification.version" value="18"/>
    <property name="user.name" value="amraneh"/>
    <property name="java.class.path" value="/opt/apache-maven-3.8.7/boot/plexus-classworlds-2.6.0.jar"/>
    <property name="java.vm.specification.version" value="18"/>
    <property name="sun.arch.data.model" value="64"/>
    <property name="sun.java.command" value="org.codehaus.plexus.classworlds.launcher.Launcher test"/>
    <property name="java.home" value="/usr/lib/jvm/java-18-openjdk-amd64"/>
    <property name="user.language" value="fr"/>
    <property name="java.specification.vendor" value="Oracle Corporation"/>
    <property name="java.vm.info" value="mixed mode, sharing"/>
    <property name="java.version" value="18.0.2-ea"/>
    <property name="native.encoding" value="UTF-8"/>
    <property name="java.vendor" value="Private Build"/>
    <property name="sun.stderr.encoding" value="UTF-8"/>
    <property name="maven.home" value="/opt/apache-maven-3.8.7"/>
    <property name="file.separator" value="/"/>
    <property name="java.version.date" value="2022-07-19"/>
    <property name="java.vendor.url.bug" value="Unknown"/>
    <property name="sun.io.unicode.encoding" value="UnicodeLittle"/>
    <property name="sun.cpu.endian" value="little"/>
    <property name="sun.stdout.encoding" value="UTF-8"/>
  </properties>
  <testcase classname="groupeseul.colTest" name="testIsNumeric" time="0.004"/>
  <testcase classname="groupeseul.colTest" name="testEmptyConstructor" time="0"/>
  <testcase classname="groupeseul.colTest" name="testGetlabel" time="0"/>
  <testcase classname="groupeseul.colTest" name="testAdd" time="0"/>
  <testcase classname="groupeseul.colTest" name="testPresent" time="0"/>
  <testcase classname="groupeseul.colTest" name="testGetSize" time="0"/>
  <testcase classname="groupeseul.colTest" name="testGetType" time="0"/>
  <testcase classname="groupeseul.colTest" name="testGetValues" time="0"/>
  <testcase classname="groupeseul.colTest" name="testConstructor" time="0"/>
</testsuite>